<?xml version="1.0" encoding="UTF-8"?>
<!-- Generated by org.testng.reporters.JUnitXMLReporter -->
<testsuite ignored="0" hostname="DESKTOP-GJK2CFG" failures="1" tests="1" name="Test(failed)" time="21.978" errors="0" timestamp="2024-06-10T22:28:22 IST">
  <testcase classname="test_Cases.TC_login2" name="disp" time="7.294">
    <failure type="java.lang.AssertionError" message="expected [true] but found [false]">
      <![CDATA[java.lang.AssertionError: expected [true] but found [false]
at test_Cases.TC_login2.disp(TC_login2.java:33)
at java.base/java.util.ArrayList.forEach(ArrayList.java:1511)
... Removed 31 stack frames]]>
    </failure>
  </testcase> <!-- disp -->
</testsuite> <!-- Test(failed) -->
