<?xml version="1.0" encoding="UTF-8"?>
<testng-results ignored="0" total="2" passed="2" failed="0" skipped="0">
  <reporter-output>
    <line>
      <![CDATA[Hi Sachin : this is sceond test method]]>
    </line>
  </reporter-output>
  <suite started-at="2024-06-17T20:16:04 IST" name="Parallel Suite" finished-at="2024-06-17T20:16:20 IST" duration-ms="16219">
    <groups>
    </groups>
    <test started-at="2024-06-17T20:16:04 IST" name="Test on Firefox" finished-at="2024-06-17T20:16:20 IST" duration-ms="16219">
      <class name="test_Cases.Test_login">
        <test-method is-config="true" signature="setup(java.lang.String)[pri:0, instance:test_Cases.Test_login@75437611]" started-at="2024-06-17T20:16:04 IST" name="setup" finished-at="2024-06-17T20:16:08 IST" duration-ms="3530" status="PASS">
          <params>
            <param index="0">
              <value>
                <![CDATA[chrome]]>
              </value>
            </param>
          </params>
          <reporter-output>
          </reporter-output>
        </test-method> <!-- setup -->
        <test-method signature="test_login()[pri:1, instance:test_Cases.Test_login@75437611]" started-at="2024-06-17T20:16:08 IST" name="test_login" finished-at="2024-06-17T20:16:20 IST" duration-ms="12271" status="PASS">
          <reporter-output>
          </reporter-output>
        </test-method> <!-- test_login -->
        <test-method signature="disp()[pri:2, instance:test_Cases.Test_login@75437611]" started-at="2024-06-17T20:16:08 IST" name="disp" finished-at="2024-06-17T20:16:08 IST" duration-ms="16" status="PASS">
          <reporter-output>
            <line>
              <![CDATA[Hi Sachin : this is sceond test method]]>
            </line>
          </reporter-output>
        </test-method> <!-- disp -->
        <test-method is-config="true" signature="teardown()[pri:0, instance:test_Cases.Test_login@75437611]" started-at="2024-06-17T20:16:20 IST" name="teardown" finished-at="2024-06-17T20:16:20 IST" duration-ms="303" status="PASS">
          <reporter-output>
          </reporter-output>
        </test-method> <!-- teardown -->
      </class> <!-- test_Cases.Test_login -->
    </test> <!-- Test on Firefox -->
  </suite> <!-- Parallel Suite -->
</testng-results>
